<?xml version="1.0" encoding="UTF-8"?>
<!-- Generated by org.testng.reporters.JUnitReportReporter -->
<testsuite hostname="FZLQPH2" name="CheckLot_2.Sellers" tests="1" failures="0" timestamp="16 Dec 2019 10:37:25 GMT" time="0.008" errors="0">
  <testcase name="m1" time="0.008" classname="CheckLot_2.Sellers"/>
</testsuite> <!-- CheckLot_2.Sellers -->
